0 info it worked if it ends with ok
1 verbose cli [ '/home/reem/.nvm/versions/node/v7.7.4/bin/node',
1 verbose cli   '/home/reem/.nvm/versions/node/v7.7.4/bin/npm',
1 verbose cli   'start' ]
2 info using npm@4.1.2
3 info using node@v7.7.4
4 verbose run-script [ 'prestart', 'start', 'poststart' ]
5 info lifecycle khotowat@1.0.0~prestart: khotowat@1.0.0
6 silly lifecycle khotowat@1.0.0~prestart: no script for prestart, continuing
7 info lifecycle khotowat@1.0.0~start: khotowat@1.0.0
8 verbose lifecycle khotowat@1.0.0~start: unsafe-perm in lifecycle true
9 verbose lifecycle khotowat@1.0.0~start: PATH: /home/reem/.nvm/versions/node/v7.7.4/lib/node_modules/npm/bin/node-gyp-bin:/home/reem/Documents/Founders_and_Coders/week-11/Khotowat/node_modules/.bin:/home/reem/.nvm/versions/node/v7.7.4/bin:/home/reem/bin:/home/reem/.local/bin:/usr/local/sbin:/usr/local/bin:/usr/sbin:/usr/bin:/sbin:/bin:/usr/games:/usr/local/games:/snap/bin
10 verbose lifecycle khotowat@1.0.0~start: CWD: /home/reem/Documents/Founders_and_Coders/week-11/Khotowat
11 silly lifecycle khotowat@1.0.0~start: Args: [ '-c', 'node src/start.js' ]
12 silly lifecycle khotowat@1.0.0~start: Returned: code: 1  signal: null
13 info lifecycle khotowat@1.0.0~start: Failed to exec start script
14 verbose stack Error: khotowat@1.0.0 start: `node src/start.js`
14 verbose stack Exit status 1
14 verbose stack     at EventEmitter.<anonymous> (/home/reem/.nvm/versions/node/v7.7.4/lib/node_modules/npm/lib/utils/lifecycle.js:279:16)
14 verbose stack     at emitTwo (events.js:106:13)
14 verbose stack     at EventEmitter.emit (events.js:194:7)
14 verbose stack     at ChildProcess.<anonymous> (/home/reem/.nvm/versions/node/v7.7.4/lib/node_modules/npm/lib/utils/spawn.js:40:14)
14 verbose stack     at emitTwo (events.js:106:13)
14 verbose stack     at ChildProcess.emit (events.js:194:7)
14 verbose stack     at maybeClose (internal/child_process.js:899:16)
14 verbose stack     at Process.ChildProcess._handle.onexit (internal/child_process.js:226:5)
15 verbose pkgid khotowat@1.0.0
16 verbose cwd /home/reem/Documents/Founders_and_Coders/week-11/Khotowat
17 error Linux 4.8.0-49-generic
18 error argv "/home/reem/.nvm/versions/node/v7.7.4/bin/node" "/home/reem/.nvm/versions/node/v7.7.4/bin/npm" "start"
19 error node v7.7.4
20 error npm  v4.1.2
21 error code ELIFECYCLE
22 error khotowat@1.0.0 start: `node src/start.js`
22 error Exit status 1
23 error Failed at the khotowat@1.0.0 start script 'node src/start.js'.
23 error Make sure you have the latest version of node.js and npm installed.
23 error If you do, this is most likely a problem with the khotowat package,
23 error not with npm itself.
23 error Tell the author that this fails on your system:
23 error     node src/start.js
23 error You can get information on how to open an issue for this project with:
23 error     npm bugs khotowat
23 error Or if that isn't available, you can get their info via:
23 error     npm owner ls khotowat
23 error There is likely additional logging output above.
24 verbose exit [ 1, true ]
